[21/05/2021 15:54] /raid ferumbras ferumbras
[11/11/2021 10:22] /reload scripts scripts
[11/11/2021 10:22] /reload monsters monsters
[11/11/2021 10:31] /reload scripts scripts
[11/11/2021 10:31] /reload monsters monsters
[11/11/2021 10:32] /reload monsters monsters
[11/11/2021 10:32] /reload scripts scripts
[11/11/2021 10:46] /reload monsters monsters
[11/11/2021 10:48] /reload scripts scripts
[23/02/2022 18:01] /reload scripts scripts
[23/02/2022 18:03] /reload scripts scripts
[23/02/2022 18:04] /reload scripts scripts
[25/02/2022 17:22] /reload scripts scripts
[25/02/2022 17:47] /reload items items
[25/02/2022 17:47] /reload scripts scripts
[25/02/2022 17:47] /reload scripts scripts
[25/02/2022 17:48] /reload scripts scripts
[25/02/2022 17:50] /reload scripts scripts
[25/02/2022 17:51] /reload scripts scripts
[25/02/2022 18:02] /reload scripts scripts
[25/02/2022 18:02] /reload npc npc
[25/02/2022 18:03] /reload npc npc
[25/02/2022 18:03] /reload scripts scripts
[25/02/2022 18:06] /reload scripts scripts
[25/02/2022 18:06] /reload items items
[25/02/2022 18:06] /reload npc npc
[25/02/2022 18:10] /reload scripts scripts
[25/02/2022 18:11] /reload scripts scripts
[25/02/2022 18:17] /reload scripts scripts
[25/02/2022 18:17] /reload npc npc
[25/02/2022 18:18] /reload scripts scripts
[25/02/2022 18:18] /reload npc npc
[25/02/2022 18:20] /reload scripts scripts
[25/02/2022 18:20] /reload npc npc
[25/02/2022 18:25] /reload npc npc
[25/02/2022 18:25] /reload scripts scripts
[25/02/2022 21:44] /reload scripts scripts
